c:\users\eric\desktop\study\gacrnd\centerlinegen\x64\debug\gmp-10.dll
c:\users\eric\desktop\study\gacrnd\centerlinegen\centerlinegen\x64\debug\vc143.pdb
c:\users\eric\desktop\study\gacrnd\centerlinegen\centerlinegen\x64\debug\vc143.idb
c:\users\eric\desktop\study\gacrnd\centerlinegen\centerlinegen\x64\debug\voronoi.obj
c:\users\eric\desktop\study\gacrnd\centerlinegen\centerlinegen\x64\debug\testpolynomialregression.obj
c:\users\eric\desktop\study\gacrnd\centerlinegen\centerlinegen\x64\debug\dbscan.obj
c:\users\eric\desktop\study\gacrnd\centerlinegen\centerlinegen\x64\debug\centerlinegen.obj
c:\users\eric\desktop\study\gacrnd\centerlinegen\centerlinegen\x64\debug\stb_wrapper.obj
c:\users\eric\desktop\study\gacrnd\centerlinegen\x64\debug\centerlinegen.exe
c:\users\eric\desktop\study\gacrnd\centerlinegen\x64\debug\centerlinegen.pdb
c:\users\eric\desktop\study\gacrnd\centerlinegen\centerlinegen\x64\debug\centerlinegen.res
c:\users\eric\desktop\study\gacrnd\centerlinegen\centerlinegen\x64\debug\centerlinegen.ilk
c:\users\eric\desktop\study\gacrnd\centerlinegen\centerlinegen\x64\debug\centerlinegen.tlog\centerlinegen.write.1u.tlog
c:\users\eric\desktop\study\gacrnd\centerlinegen\centerlinegen\x64\debug\centerlinegen.tlog\cl.command.1.tlog
c:\users\eric\desktop\study\gacrnd\centerlinegen\centerlinegen\x64\debug\centerlinegen.tlog\cl.items.tlog
c:\users\eric\desktop\study\gacrnd\centerlinegen\centerlinegen\x64\debug\centerlinegen.tlog\cl.read.1.tlog
c:\users\eric\desktop\study\gacrnd\centerlinegen\centerlinegen\x64\debug\centerlinegen.tlog\cl.write.1.tlog
c:\users\eric\desktop\study\gacrnd\centerlinegen\centerlinegen\x64\debug\centerlinegen.tlog\link.command.1.tlog
c:\users\eric\desktop\study\gacrnd\centerlinegen\centerlinegen\x64\debug\centerlinegen.tlog\link.read.1.tlog
c:\users\eric\desktop\study\gacrnd\centerlinegen\centerlinegen\x64\debug\centerlinegen.tlog\link.secondary.1.tlog
c:\users\eric\desktop\study\gacrnd\centerlinegen\centerlinegen\x64\debug\centerlinegen.tlog\link.write.1.tlog
c:\users\eric\desktop\study\gacrnd\centerlinegen\centerlinegen\x64\debug\centerlinegen.tlog\rc.command.1.tlog
c:\users\eric\desktop\study\gacrnd\centerlinegen\centerlinegen\x64\debug\centerlinegen.tlog\rc.read.1.tlog
c:\users\eric\desktop\study\gacrnd\centerlinegen\centerlinegen\x64\debug\centerlinegen.tlog\rc.write.1.tlog
